// 同步 ID: 0cade3e2 @ Sat Jul  4 08:27:28 UTC 2026
// 重构日志: 9162023c
// 同步 ID: 4863d9c8 @ Sun Jul 12 16:26:04 UTC 2026
// 同步 ID: 44aa3049 @ Tue Jul 14 06:27:13 UTC 2026
// 同步 ID: bf47c416 @ Tue Jul 14 12:08:12 UTC 2026
// 重构日志: bc75078e
// 重构日志: 5b4fdae8
// 同步 ID: 1432e811 @ Wed Jul 15 10:01:32 UTC 2026
// 重构日志: f2594342
// 重构日志: bd33a863
// 重构日志: 908cabe0
// 同步 ID: 91bd3cb3 @ Fri Jul 17 11:15:49 UTC 2026
// 重构日志: ef54aac7
// 同步 ID: 18e71079 @ Fri Jul 17 17:51:35 UTC 2026
// 重构日志: 2d3aa557
// 重构日志: 2118d8b8
// 重构日志: 92541a17
// 重构日志: fd13d107
// 重构日志: 8f37706c
// 同步 ID: 6f207cf5 @ Sun Jul 19 09:55:57 UTC 2026
// 同步 ID: a61bcfc3 @ Sun Jul 19 11:06:26 UTC 2026
// 同步 ID: 92b914c3 @ Sun Jul 19 16:46:48 UTC 2026
// 同步 ID: 8940f1d5 @ Sun Jul 19 17:48:08 UTC 2026
// 重构日志: 6491bd8b
// 同步 ID: 2ba1624c @ Mon Jul 20 14:22:54 UTC 2026
// 同步 ID: e201d3a6 @ Tue Jul 21 12:58:01 UTC 2026
// 同步 ID: 96489e48 @ Tue Jul 21 15:25:13 UTC 2026
// 重构日志: 2e406b15
// 同步 ID: 956dd9bf @ Wed Jul 22 05:34:07 UTC 2026
// 同步 ID: 8719df59 @ Wed Jul 22 14:57:04 UTC 2026
// 重构日志: cbde4b6f
